Release 14.7 - xst P.20131013 (lin64)
Copyright (c) 1995-2013 Xilinx, Inc.  All rights reserved.
--> 
Parameter TMPDIR set to xst/projnav.tmp


Total REAL time to Xst completion: 0.00 secs
Total CPU time to Xst completion: 0.07 secs
 
--> 
Parameter xsthdpdir set to xst


Total REAL time to Xst completion: 0.00 secs
Total CPU time to Xst completion: 0.08 secs
 
--> 
Reading design: contatore_4_cifre.prj

TABLE OF CONTENTS
  1) Synthesis Options Summary
  2) HDL Parsing
  3) HDL Elaboration
  4) HDL Synthesis
       4.1) HDL Synthesis Report
  5) Advanced HDL Synthesis
       5.1) Advanced HDL Synthesis Report
  6) Low Level Synthesis
  7) Partition Report
  8) Design Summary
       8.1) Primitive and Black Box Usage
       8.2) Device utilization summary
       8.3) Partition Resource Summary
       8.4) Timing Report
            8.4.1) Clock Information
            8.4.2) Asynchronous Control Signals Information
            8.4.3) Timing Summary
            8.4.4) Timing Details
            8.4.5) Cross Clock Domains Report


=========================================================================
*                      Synthesis Options Summary                        *
=========================================================================
---- Source Parameters
Input File Name                    : "contatore_4_cifre.prj"
Ignore Synthesis Constraint File   : NO

---- Target Parameters
Output File Name                   : "contatore_4_cifre"
Output Format                      : NGC
Target Device                      : xc6slx16-3-csg324

---- Source Options
Top Module Name                    : contatore_4_cifre
Automatic FSM Extraction           : YES
FSM Encoding Algorithm             : Auto
Safe Implementation                : No
FSM Style                          : LUT
RAM Extraction                     : Yes
RAM Style                          : Auto
ROM Extraction                     : Yes
Shift Register Extraction          : YES
ROM Style                          : Auto
Resource Sharing                   : YES
Asynchronous To Synchronous        : NO
Shift Register Minimum Size        : 2
Use DSP Block                      : Auto
Automatic Register Balancing       : No

---- Target Options
LUT Combining                      : Auto
Reduce Control Sets                : Auto
Add IO Buffers                     : YES
Global Maximum Fanout              : 100000
Add Generic Clock Buffer(BUFG)     : 16
Register Duplication               : YES
Optimize Instantiated Primitives   : NO
Use Clock Enable                   : Auto
Use Synchronous Set                : Auto
Use Synchronous Reset              : Auto
Pack IO Registers into IOBs        : Auto
Equivalent register Removal        : YES

---- General Options
Optimization Goal                  : Speed
Optimization Effort                : 1
Power Reduction                    : NO
Keep Hierarchy                     : No
Netlist Hierarchy                  : As_Optimized
RTL Output                         : Yes
Global Optimization                : AllClockNets
Read Cores                         : YES
Write Timing Constraints           : NO
Cross Clock Analysis               : NO
Hierarchy Separator                : /
Bus Delimiter                      : <>
Case Specifier                     : Maintain
Slice Utilization Ratio            : 100
BRAM Utilization Ratio             : 100
DSP48 Utilization Ratio            : 100
Auto BRAM Packing                  : NO
Slice Utilization Ratio Delta      : 5

=========================================================================


=========================================================================
*                          HDL Parsing                                  *
=========================================================================
Parsing VHDL file "/home/stefanomandelli/src/eldig/contatore_4_cifre/cont_1_cifra.vhd" into library work
Parsing entity <Contatore_1_cifra>.
Parsing architecture <V0> of entity <contatore_1_cifra>.
Parsing VHDL file "/home/stefanomandelli/src/eldig/contatore_4_cifre/contatore_4_cifre.vhd" into library work
Parsing entity <contatore_4_cifre>.
Parsing architecture <Behavioral> of entity <contatore_4_cifre>.
ERROR:HDLCompiler:806 - "/home/stefanomandelli/src/eldig/contatore_4_cifre/contatore_4_cifre.vhd" Line 42: Syntax error near "Contatore_1_cifra".
ERROR:HDLCompiler:69 - "/home/stefanomandelli/src/eldig/contatore_4_cifre/contatore_4_cifre.vhd" Line 48: <clock_timer_globale> is not declared.
ERROR:HDLCompiler:69 - "/home/stefanomandelli/src/eldig/contatore_4_cifre/contatore_4_cifre.vhd" Line 49: <enable> is not declared.
ERROR:HDLCompiler:69 - "/home/stefanomandelli/src/eldig/contatore_4_cifre/contatore_4_cifre.vhd" Line 53: <npreset> is not declared.
ERROR:HDLCompiler:69 - "/home/stefanomandelli/src/eldig/contatore_4_cifre/contatore_4_cifre.vhd" Line 54: <n0> is not declared.
ERROR:HDLCompiler:192 - "/home/stefanomandelli/src/eldig/contatore_4_cifre/contatore_4_cifre.vhd" Line 54: Actual of formal out port n cannot be an expression
ERROR:HDLCompiler:69 - "/home/stefanomandelli/src/eldig/contatore_4_cifre/contatore_4_cifre.vhd" Line 55: <enable_0_to_1> is not declared.
ERROR:HDLCompiler:192 - "/home/stefanomandelli/src/eldig/contatore_4_cifre/contatore_4_cifre.vhd" Line 55: Actual of formal out port enable_out cannot be an expression
ERROR:HDLCompiler:69 - "/home/stefanomandelli/src/eldig/contatore_4_cifre/contatore_4_cifre.vhd" Line 57: <clock_timer_globale> is not declared.
ERROR:HDLCompiler:69 - "/home/stefanomandelli/src/eldig/contatore_4_cifre/contatore_4_cifre.vhd" Line 58: <enable_0_to_1> is not declared.
ERROR:HDLCompiler:69 - "/home/stefanomandelli/src/eldig/contatore_4_cifre/contatore_4_cifre.vhd" Line 62: <npreset> is not declared.
ERROR:HDLCompiler:69 - "/home/stefanomandelli/src/eldig/contatore_4_cifre/contatore_4_cifre.vhd" Line 63: <n1> is not declared.
ERROR:HDLCompiler:192 - "/home/stefanomandelli/src/eldig/contatore_4_cifre/contatore_4_cifre.vhd" Line 63: Actual of formal out port n cannot be an expression
ERROR:HDLCompiler:69 - "/home/stefanomandelli/src/eldig/contatore_4_cifre/contatore_4_cifre.vhd" Line 64: <enable_1_to_2> is not declared.
ERROR:HDLCompiler:192 - "/home/stefanomandelli/src/eldig/contatore_4_cifre/contatore_4_cifre.vhd" Line 64: Actual of formal out port enable_out cannot be an expression
ERROR:HDLCompiler:69 - "/home/stefanomandelli/src/eldig/contatore_4_cifre/contatore_4_cifre.vhd" Line 66: <clock_timer_globale> is not declared.
ERROR:HDLCompiler:69 - "/home/stefanomandelli/src/eldig/contatore_4_cifre/contatore_4_cifre.vhd" Line 67: <enable_1_to_2> is not declared.
ERROR:HDLCompiler:69 - "/home/stefanomandelli/src/eldig/contatore_4_cifre/contatore_4_cifre.vhd" Line 71: <npreset> is not declared.
ERROR:HDLCompiler:69 - "/home/stefanomandelli/src/eldig/contatore_4_cifre/contatore_4_cifre.vhd" Line 72: <n2> is not declared.
Sorry, too many errors..
--> 


Total memory usage is 310752 kilobytes

Number of errors   :   19 (   0 filtered)
Number of warnings :    0 (   0 filtered)
Number of infos    :    0 (   0 filtered)

