Release 14.7 - xst P.20131013 (lin64)
Copyright (c) 1995-2013 Xilinx, Inc.  All rights reserved.
--> 
Parameter TMPDIR set to xst/projnav.tmp


Total REAL time to Xst completion: 0.00 secs
Total CPU time to Xst completion: 0.05 secs
 
--> 
Parameter xsthdpdir set to xst


Total REAL time to Xst completion: 0.00 secs
Total CPU time to Xst completion: 0.05 secs
 
--> 
Reading design: Contatore_1_cifra.prj

TABLE OF CONTENTS
  1) Synthesis Options Summary
  2) HDL Parsing
  3) HDL Elaboration
  4) HDL Synthesis
       4.1) HDL Synthesis Report
  5) Advanced HDL Synthesis
       5.1) Advanced HDL Synthesis Report
  6) Low Level Synthesis
  7) Partition Report
  8) Design Summary
       8.1) Primitive and Black Box Usage
       8.2) Device utilization summary
       8.3) Partition Resource Summary
       8.4) Timing Report
            8.4.1) Clock Information
            8.4.2) Asynchronous Control Signals Information
            8.4.3) Timing Summary
            8.4.4) Timing Details
            8.4.5) Cross Clock Domains Report


=========================================================================
*                      Synthesis Options Summary                        *
=========================================================================
---- Source Parameters
Input File Name                    : "Contatore_1_cifra.prj"
Ignore Synthesis Constraint File   : NO

---- Target Parameters
Output File Name                   : "Contatore_1_cifra"
Output Format                      : NGC
Target Device                      : xc6slx16-3-csg324

---- Source Options
Top Module Name                    : Contatore_1_cifra
Automatic FSM Extraction           : YES
FSM Encoding Algorithm             : Auto
Safe Implementation                : No
FSM Style                          : LUT
RAM Extraction                     : Yes
RAM Style                          : Auto
ROM Extraction                     : Yes
Shift Register Extraction          : YES
ROM Style                          : Auto
Resource Sharing                   : YES
Asynchronous To Synchronous        : NO
Shift Register Minimum Size        : 2
Use DSP Block                      : Auto
Automatic Register Balancing       : No

---- Target Options
LUT Combining                      : Auto
Reduce Control Sets                : Auto
Add IO Buffers                     : YES
Global Maximum Fanout              : 100000
Add Generic Clock Buffer(BUFG)     : 16
Register Duplication               : YES
Optimize Instantiated Primitives   : NO
Use Clock Enable                   : Auto
Use Synchronous Set                : Auto
Use Synchronous Reset              : Auto
Pack IO Registers into IOBs        : Auto
Equivalent register Removal        : YES

---- General Options
Optimization Goal                  : Speed
Optimization Effort                : 1
Power Reduction                    : NO
Keep Hierarchy                     : No
Netlist Hierarchy                  : As_Optimized
RTL Output                         : Yes
Global Optimization                : AllClockNets
Read Cores                         : YES
Write Timing Constraints           : NO
Cross Clock Analysis               : NO
Hierarchy Separator                : /
Bus Delimiter                      : <>
Case Specifier                     : Maintain
Slice Utilization Ratio            : 100
BRAM Utilization Ratio             : 100
DSP48 Utilization Ratio            : 100
Auto BRAM Packing                  : NO
Slice Utilization Ratio Delta      : 5

=========================================================================


=========================================================================
*                          HDL Parsing                                  *
=========================================================================
Parsing VHDL file "/home/stefanomandelli/src/eldig/cont_1_cifra/cont_1_cifra.vhd" into library work
Parsing entity <Contatore_1_cifra>.
Parsing architecture <V0> of entity <contatore_1_cifra>.

=========================================================================
*                            HDL Elaboration                            *
=========================================================================

Elaborating entity <Contatore_1_cifra> (architecture <V0>) from library <work>.

=========================================================================
*                           HDL Synthesis                               *
=========================================================================

Synthesizing Unit <Contatore_1_cifra>.
    Related source file is "/home/stefanomandelli/src/eldig/cont_1_cifra/cont_1_cifra.vhd".
    Found 4-bit register for signal <N>.
    Found 4-bit adder for signal <C[3]_GND_4_o_add_1_OUT> created at line 1241.
    Found 4-bit subtractor for signal <GND_4_o_GND_4_o_sub_5_OUT<3:0>> created at line 1308.
    Summary:
	inferred   1 Adder/Subtractor(s).
	inferred   4 D-type flip-flop(s).
	inferred   5 Multiplexer(s).
Unit <Contatore_1_cifra> synthesized.

=========================================================================
HDL Synthesis Report

Macro Statistics
# Adders/Subtractors                                   : 1
 4-bit addsub                                          : 1
# Registers                                            : 1
 4-bit register                                        : 1
# Multiplexers                                         : 5
 4-bit 2-to-1 multiplexer                              : 5

=========================================================================
INFO:Xst:1767 - HDL ADVISOR - Resource sharing has identified that some arithmetic operations in this design can share the same physical resources for reduced device utilization. For improved clock frequency you may try to disable resource sharing.

=========================================================================
*                       Advanced HDL Synthesis                          *
=========================================================================


=========================================================================
Advanced HDL Synthesis Report

Macro Statistics
# Adders/Subtractors                                   : 1
 4-bit addsub                                          : 1
# Registers                                            : 4
 Flip-Flops                                            : 4
# Multiplexers                                         : 5
 4-bit 2-to-1 multiplexer                              : 5

=========================================================================

=========================================================================
*                         Low Level Synthesis                           *
=========================================================================

Optimizing unit <Contatore_1_cifra> ...

Mapping all equations...
Building and optimizing final netlist ...
Found area constraint ratio of 100 (+ 5) on block Contatore_1_cifra, actual ratio is 0.

Final Macro Processing ...

=========================================================================
Final Register Report

Macro Statistics
# Registers                                            : 4
 Flip-Flops                                            : 4

=========================================================================

=========================================================================
*                           Partition Report                            *
=========================================================================

Partition Implementation Status
-------------------------------

  No Partitions were found in this design.

-------------------------------

=========================================================================
*                            Design Summary                             *
=========================================================================

Top Level Output File Name         : Contatore_1_cifra.ngc

Primitive and Black Box Usage:
------------------------------
# BELS                             : 11
#      LUT2                        : 1
#      LUT3                        : 4
#      LUT5                        : 1
#      LUT6                        : 5
# FlipFlops/Latches                : 4
#      FD                          : 1
#      FDRE                        : 3
# Clock Buffers                    : 1
#      BUFGP                       : 1
# IO Buffers                       : 13
#      IBUF                        : 8
#      OBUF                        : 5

Device utilization summary:
---------------------------

Selected Device : 6slx16csg324-3 


Slice Logic Utilization: 
 Number of Slice Registers:               4  out of  18224     0%  
 Number of Slice LUTs:                   11  out of   9112     0%  
    Number used as Logic:                11  out of   9112     0%  

Slice Logic Distribution: 
 Number of LUT Flip Flop pairs used:     11
   Number with an unused Flip Flop:       7  out of     11    63%  
   Number with an unused LUT:             0  out of     11     0%  
   Number of fully used LUT-FF pairs:     4  out of     11    36%  
   Number of unique control sets:         3

IO Utilization: 
 Number of IOs:                          14
 Number of bonded IOBs:                  14  out of    232     6%  

Specific Feature Utilization:
 Number of BUFG/BUFGCTRLs:                1  out of     16     6%  

---------------------------
Partition Resource Summary:
---------------------------

  No Partitions were found in this design.

---------------------------


=========================================================================
Timing Report

NOTE: THESE TIMING NUMBERS ARE ONLY A SYNTHESIS ESTIMATE.
      FOR ACCURATE TIMING INFORMATION PLEASE REFER TO THE TRACE REPORT
      GENERATED AFTER PLACE-and-ROUTE.

Clock Information:
------------------
-----------------------------------+------------------------+-------+
Clock Signal                       | Clock buffer(FF name)  | Load  |
-----------------------------------+------------------------+-------+
Clock                              | BUFGP                  | 4     |
-----------------------------------+------------------------+-------+

Asynchronous Control Signals Information:
----------------------------------------
No asynchronous control signals found in this design

Timing Summary:
---------------
Speed Grade: -3

   Minimum period: 2.671ns (Maximum Frequency: 374.392MHz)
   Minimum input arrival time before clock: 4.543ns
   Maximum output required time after clock: 4.918ns
   Maximum combinational path delay: 5.520ns

Timing Details:
---------------
All values displayed in nanoseconds (ns)

=========================================================================
Timing constraint: Default period analysis for Clock 'Clock'
  Clock period: 2.671ns (frequency: 374.392MHz)
  Total number of paths / destination ports: 21 / 5
-------------------------------------------------------------------------
Delay:               2.671ns (Levels of Logic = 1)
  Source:            C_1 (FF)
  Destination:       C_1 (FF)
  Source Clock:      Clock rising
  Destination Clock: Clock rising

  Data Path: C_1 to C_1
                                Gate     Net
    Cell:in->out      fanout   Delay   Delay  Logical Name (Net Name)
    ----------------------------------------  ------------
     FDRE:C->Q             6   0.447   0.973  C_1 (C_1)
     LUT6:I3->O            2   0.205   0.616  Reset_OR_DriverANDClockEnable1 (Reset_OR_DriverANDClockEnable)
     FDRE:R                    0.430          C_1
    ----------------------------------------
    Total                      2.671ns (1.082ns logic, 1.589ns route)
                                       (40.5% logic, 59.5% route)

=========================================================================
Timing constraint: Default OFFSET IN BEFORE for Clock 'Clock'
  Total number of paths / destination ports: 31 / 10
-------------------------------------------------------------------------
Offset:              4.543ns (Levels of Logic = 3)
  Source:            UpDown (PAD)
  Destination:       C_1 (FF)
  Destination Clock: Clock rising

  Data Path: UpDown to C_1
                                Gate     Net
    Cell:in->out      fanout   Delay   Delay  Logical Name (Net Name)
    ----------------------------------------  ------------
     IBUF:I->O             5   1.222   0.943  UpDown_IBUF (UpDown_IBUF)
     LUT3:I0->O            1   0.205   0.924  Reset_OR_DriverANDClockEnable1_SW0 (N01)
     LUT6:I1->O            2   0.203   0.616  Reset_OR_DriverANDClockEnable1 (Reset_OR_DriverANDClockEnable)
     FDRE:R                    0.430          C_1
    ----------------------------------------
    Total                      4.543ns (2.060ns logic, 2.483ns route)
                                       (45.3% logic, 54.7% route)

=========================================================================
Timing constraint: Default OFFSET OUT AFTER for Clock 'Clock'
  Total number of paths / destination ports: 8 / 5
-------------------------------------------------------------------------
Offset:              4.918ns (Levels of Logic = 2)
  Source:            C_2 (FF)
  Destination:       Enable_out (PAD)
  Source Clock:      Clock rising

  Data Path: C_2 to Enable_out
                                Gate     Net
    Cell:in->out      fanout   Delay   Delay  Logical Name (Net Name)
    ----------------------------------------  ------------
     FD:C->Q               7   0.447   1.118  C_2 (C_2)
     LUT6:I1->O            1   0.203   0.579  Enable_out21 (Enable_out_OBUF)
     OBUF:I->O                 2.571          Enable_out_OBUF (Enable_out)
    ----------------------------------------
    Total                      4.918ns (3.221ns logic, 1.696ns route)
                                       (65.5% logic, 34.5% route)

=========================================================================
Timing constraint: Default path analysis
  Total number of paths / destination ports: 2 / 1
-------------------------------------------------------------------------
Delay:               5.520ns (Levels of Logic = 3)
  Source:            UpDown (PAD)
  Destination:       Enable_out (PAD)

  Data Path: UpDown to Enable_out
                                Gate     Net
    Cell:in->out      fanout   Delay   Delay  Logical Name (Net Name)
    ----------------------------------------  ------------
     IBUF:I->O             5   1.222   0.943  UpDown_IBUF (UpDown_IBUF)
     LUT6:I3->O            1   0.205   0.579  Enable_out21 (Enable_out_OBUF)
     OBUF:I->O                 2.571          Enable_out_OBUF (Enable_out)
    ----------------------------------------
    Total                      5.520ns (3.998ns logic, 1.522ns route)
                                       (72.4% logic, 27.6% route)

=========================================================================

Cross Clock Domains Report:
--------------------------

Clock to Setup on destination clock Clock
---------------+---------+---------+---------+---------+
               | Src:Rise| Src:Fall| Src:Rise| Src:Fall|
Source Clock   |Dest:Rise|Dest:Rise|Dest:Fall|Dest:Fall|
---------------+---------+---------+---------+---------+
Clock          |    2.671|         |         |         |
---------------+---------+---------+---------+---------+

=========================================================================


Total REAL time to Xst completion: 6.00 secs
Total CPU time to Xst completion: 6.03 secs
 
--> 


Total memory usage is 386792 kilobytes

Number of errors   :    0 (   0 filtered)
Number of warnings :    0 (   0 filtered)
Number of infos    :    1 (   0 filtered)

