Release 14.7 - xst P.20131013 (lin64)
Copyright (c) 1995-2013 Xilinx, Inc.  All rights reserved.
--> 
Parameter TMPDIR set to xst/projnav.tmp


Total REAL time to Xst completion: 0.00 secs
Total CPU time to Xst completion: 0.07 secs
 
--> 
Parameter xsthdpdir set to xst


Total REAL time to Xst completion: 0.00 secs
Total CPU time to Xst completion: 0.07 secs
 
--> 
Reading design: sette_seg.prj

TABLE OF CONTENTS
  1) Synthesis Options Summary
  2) HDL Parsing
  3) HDL Elaboration
  4) HDL Synthesis
       4.1) HDL Synthesis Report
  5) Advanced HDL Synthesis
       5.1) Advanced HDL Synthesis Report
  6) Low Level Synthesis
  7) Partition Report
  8) Design Summary
       8.1) Primitive and Black Box Usage
       8.2) Device utilization summary
       8.3) Partition Resource Summary
       8.4) Timing Report
            8.4.1) Clock Information
            8.4.2) Asynchronous Control Signals Information
            8.4.3) Timing Summary
            8.4.4) Timing Details
            8.4.5) Cross Clock Domains Report


=========================================================================
*                      Synthesis Options Summary                        *
=========================================================================
---- Source Parameters
Input File Name                    : "sette_seg.prj"
Ignore Synthesis Constraint File   : NO

---- Target Parameters
Output File Name                   : "sette_seg"
Output Format                      : NGC
Target Device                      : xc6slx16-3-csg324

---- Source Options
Top Module Name                    : sette_seg
Automatic FSM Extraction           : YES
FSM Encoding Algorithm             : Auto
Safe Implementation                : No
FSM Style                          : LUT
RAM Extraction                     : Yes
RAM Style                          : Auto
ROM Extraction                     : Yes
Shift Register Extraction          : YES
ROM Style                          : Auto
Resource Sharing                   : YES
Asynchronous To Synchronous        : NO
Shift Register Minimum Size        : 2
Use DSP Block                      : Auto
Automatic Register Balancing       : No

---- Target Options
LUT Combining                      : Auto
Reduce Control Sets                : Auto
Add IO Buffers                     : YES
Global Maximum Fanout              : 100000
Add Generic Clock Buffer(BUFG)     : 16
Register Duplication               : YES
Optimize Instantiated Primitives   : NO
Use Clock Enable                   : Auto
Use Synchronous Set                : Auto
Use Synchronous Reset              : Auto
Pack IO Registers into IOBs        : Auto
Equivalent register Removal        : YES

---- General Options
Optimization Goal                  : Speed
Optimization Effort                : 1
Power Reduction                    : NO
Keep Hierarchy                     : No
Netlist Hierarchy                  : As_Optimized
RTL Output                         : Yes
Global Optimization                : AllClockNets
Read Cores                         : YES
Write Timing Constraints           : NO
Cross Clock Analysis               : NO
Hierarchy Separator                : /
Bus Delimiter                      : <>
Case Specifier                     : Maintain
Slice Utilization Ratio            : 100
BRAM Utilization Ratio             : 100
DSP48 Utilization Ratio            : 100
Auto BRAM Packing                  : NO
Slice Utilization Ratio Delta      : 5

=========================================================================


=========================================================================
*                          HDL Parsing                                  *
=========================================================================
Parsing VHDL file "/home/stefanomandelli/src/eldig/Sette_segmenti/sette_seg.vhd" into library work
Parsing entity <sette_seg>.
Parsing architecture <Behavioral> of entity <sette_seg>.

=========================================================================
*                            HDL Elaboration                            *
=========================================================================

Elaborating entity <sette_seg> (architecture <Behavioral>) from library <work>.

=========================================================================
*                           HDL Synthesis                               *
=========================================================================

Synthesizing Unit <sette_seg>.
    Related source file is "/home/stefanomandelli/src/eldig/Sette_segmenti/sette_seg.vhd".
    Found 16-bit register for signal <NN>.
    Found 1-bit register for signal <CLK_1K_O>.
    Found 4-bit register for signal <N>.
    Found 4-bit adder for signal <N[3]_GND_6_o_add_48_OUT> created at line 1241.
    Found 16-bit adder for signal <NN[15]_GND_6_o_add_52_OUT> created at line 1241.
    Found 4-bit comparator greater for signal <GND_6_o_N[3]_LessThan_4_o> created at line 26
    Found 4-bit comparator greater for signal <PWR_6_o_N[3]_LessThan_28_o> created at line 29
    Found 4-bit comparator greater for signal <PWR_6_o_N[3]_LessThan_39_o> created at line 31
    Summary:
	inferred   2 Adder/Subtractor(s).
	inferred  21 D-type flip-flop(s).
	inferred   3 Comparator(s).
Unit <sette_seg> synthesized.

=========================================================================
HDL Synthesis Report

Macro Statistics
# Adders/Subtractors                                   : 2
 16-bit adder                                          : 1
 4-bit adder                                           : 1
# Registers                                            : 3
 1-bit register                                        : 1
 16-bit register                                       : 1
 4-bit register                                        : 1
# Comparators                                          : 3
 4-bit comparator greater                              : 3

=========================================================================

=========================================================================
*                       Advanced HDL Synthesis                          *
=========================================================================


Synthesizing (advanced) Unit <sette_seg>.
The following registers are absorbed into counter <N>: 1 register on signal <N>.
The following registers are absorbed into counter <NN>: 1 register on signal <NN>.
Unit <sette_seg> synthesized (advanced).

=========================================================================
Advanced HDL Synthesis Report

Macro Statistics
# Counters                                             : 2
 16-bit up counter                                     : 1
 4-bit up counter                                      : 1
# Registers                                            : 1
 Flip-Flops                                            : 1
# Comparators                                          : 3
 4-bit comparator greater                              : 3

=========================================================================

=========================================================================
*                         Low Level Synthesis                           *
=========================================================================

Optimizing unit <sette_seg> ...

Mapping all equations...
Building and optimizing final netlist ...
Found area constraint ratio of 100 (+ 5) on block sette_seg, actual ratio is 0.

Final Macro Processing ...

=========================================================================
Final Register Report

Macro Statistics
# Registers                                            : 21
 Flip-Flops                                            : 21

=========================================================================

=========================================================================
*                           Partition Report                            *
=========================================================================

Partition Implementation Status
-------------------------------

  No Partitions were found in this design.

-------------------------------

=========================================================================
*                            Design Summary                             *
=========================================================================

Top Level Output File Name         : sette_seg.ngc

Primitive and Black Box Usage:
------------------------------
# BELS                             : 82
#      GND                         : 1
#      INV                         : 2
#      LUT1                        : 15
#      LUT2                        : 17
#      LUT3                        : 2
#      LUT4                        : 9
#      LUT6                        : 4
#      MUXCY                       : 15
#      VCC                         : 1
#      XORCY                       : 16
# FlipFlops/Latches                : 21
#      FD                          : 17
#      FDR                         : 4
# Clock Buffers                    : 2
#      BUFGP                       : 2
# IO Buffers                       : 12
#      OBUF                        : 12

Device utilization summary:
---------------------------

Selected Device : 6slx16csg324-3 


Slice Logic Utilization: 
 Number of Slice Registers:              21  out of  18224     0%  
 Number of Slice LUTs:                   49  out of   9112     0%  
    Number used as Logic:                49  out of   9112     0%  

Slice Logic Distribution: 
 Number of LUT Flip Flop pairs used:     49
   Number with an unused Flip Flop:      28  out of     49    57%  
   Number with an unused LUT:             0  out of     49     0%  
   Number of fully used LUT-FF pairs:    21  out of     49    42%  
   Number of unique control sets:         2

IO Utilization: 
 Number of IOs:                          14
 Number of bonded IOBs:                  14  out of    232     6%  

Specific Feature Utilization:
 Number of BUFG/BUFGCTRLs:                2  out of     16    12%  

---------------------------
Partition Resource Summary:
---------------------------

  No Partitions were found in this design.

---------------------------


=========================================================================
Timing Report

NOTE: THESE TIMING NUMBERS ARE ONLY A SYNTHESIS ESTIMATE.
      FOR ACCURATE TIMING INFORMATION PLEASE REFER TO THE TRACE REPORT
      GENERATED AFTER PLACE-and-ROUTE.

Clock Information:
------------------
-----------------------------------+------------------------+-------+
Clock Signal                       | Clock buffer(FF name)  | Load  |
-----------------------------------+------------------------+-------+
enable                             | BUFGP                  | 4     |
CLK100M                            | BUFGP                  | 17    |
-----------------------------------+------------------------+-------+

Asynchronous Control Signals Information:
----------------------------------------
No asynchronous control signals found in this design

Timing Summary:
---------------
Speed Grade: -3

   Minimum period: 3.867ns (Maximum Frequency: 258.575MHz)
   Minimum input arrival time before clock: No path found
   Maximum output required time after clock: 4.956ns
   Maximum combinational path delay: No path found

Timing Details:
---------------
All values displayed in nanoseconds (ns)

=========================================================================
Timing constraint: Default period analysis for Clock 'enable'
  Clock period: 2.849ns (frequency: 350.939MHz)
  Total number of paths / destination ports: 26 / 8
-------------------------------------------------------------------------
Delay:               2.849ns (Levels of Logic = 1)
  Source:            N_2 (FF)
  Destination:       N_0 (FF)
  Source Clock:      enable rising
  Destination Clock: enable rising

  Data Path: N_2 to N_0
                                Gate     Net
    Cell:in->out      fanout   Delay   Delay  Logical Name (Net Name)
    ----------------------------------------  ------------
     FDR:C->Q             10   0.447   1.085  N_2 (N_2)
     LUT4:I1->O            4   0.205   0.683  N[3]_PWR_6_o_equal_12_o1 (N[3]_PWR_6_o_equal_12_o)
     FDR:R                     0.430          N_0
    ----------------------------------------
    Total                      2.849ns (1.082ns logic, 1.767ns route)
                                       (38.0% logic, 62.0% route)

=========================================================================
Timing constraint: Default period analysis for Clock 'CLK100M'
  Clock period: 3.867ns (frequency: 258.575MHz)
  Total number of paths / destination ports: 410 / 17
-------------------------------------------------------------------------
Delay:               3.867ns (Levels of Logic = 3)
  Source:            NN_11 (FF)
  Destination:       NN_0 (FF)
  Source Clock:      CLK100M rising
  Destination Clock: CLK100M rising

  Data Path: NN_11 to NN_0
                                Gate     Net
    Cell:in->out      fanout   Delay   Delay  Logical Name (Net Name)
    ----------------------------------------  ------------
     FD:C->Q               2   0.447   0.981  NN_11 (NN_11)
     LUT6:I0->O            2   0.203   0.721  NN[15]_PWR_6_o_equal_52_o<15>4_SW0 (N01)
     LUT6:I4->O           16   0.203   1.005  NN[15]_PWR_6_o_equal_52_o<15>4 (NN[15]_PWR_6_o_equal_52_o)
     LUT2:I1->O            1   0.205   0.000  NN_0_rstpot (NN_0_rstpot)
     FD:D                      0.102          NN_0
    ----------------------------------------
    Total                      3.867ns (1.160ns logic, 2.707ns route)
                                       (30.0% logic, 70.0% route)

=========================================================================
Timing constraint: Default OFFSET OUT AFTER for Clock 'enable'
  Total number of paths / destination ports: 28 / 7
-------------------------------------------------------------------------
Offset:              4.956ns (Levels of Logic = 2)
  Source:            N_0 (FF)
  Destination:       SEG<4> (PAD)
  Source Clock:      enable rising

  Data Path: N_0 to SEG<4>
                                Gate     Net
    Cell:in->out      fanout   Delay   Delay  Logical Name (Net Name)
    ----------------------------------------  ------------
     FDR:C->Q             12   0.447   1.156  N_0 (N_0)
     LUT4:I0->O            1   0.203   0.579  SEG<4>1 (SEG_4_OBUF)
     OBUF:I->O                 2.571          SEG_4_OBUF (SEG<4>)
    ----------------------------------------
    Total                      4.956ns (3.221ns logic, 1.735ns route)
                                       (65.0% logic, 35.0% route)

=========================================================================
Timing constraint: Default OFFSET OUT AFTER for Clock 'CLK100M'
  Total number of paths / destination ports: 1 / 1
-------------------------------------------------------------------------
Offset:              3.668ns (Levels of Logic = 1)
  Source:            clk_1k (FF)
  Destination:       CLK_1K_O (PAD)
  Source Clock:      CLK100M rising

  Data Path: clk_1k to CLK_1K_O
                                Gate     Net
    Cell:in->out      fanout   Delay   Delay  Logical Name (Net Name)
    ----------------------------------------  ------------
     FD:C->Q               3   0.447   0.650  clk_1k (clk_1k)
     OBUF:I->O                 2.571          CLK_1K_O_OBUF (CLK_1K_O)
    ----------------------------------------
    Total                      3.668ns (3.018ns logic, 0.650ns route)
                                       (82.3% logic, 17.7% route)

=========================================================================

Cross Clock Domains Report:
--------------------------

Clock to Setup on destination clock CLK100M
---------------+---------+---------+---------+---------+
               | Src:Rise| Src:Fall| Src:Rise| Src:Fall|
Source Clock   |Dest:Rise|Dest:Rise|Dest:Fall|Dest:Fall|
---------------+---------+---------+---------+---------+
CLK100M        |    3.867|         |         |         |
---------------+---------+---------+---------+---------+

Clock to Setup on destination clock enable
---------------+---------+---------+---------+---------+
               | Src:Rise| Src:Fall| Src:Rise| Src:Fall|
Source Clock   |Dest:Rise|Dest:Rise|Dest:Fall|Dest:Fall|
---------------+---------+---------+---------+---------+
enable         |    2.849|         |         |         |
---------------+---------+---------+---------+---------+

=========================================================================


Total REAL time to Xst completion: 7.00 secs
Total CPU time to Xst completion: 6.18 secs
 
--> 


Total memory usage is 388040 kilobytes

Number of errors   :    0 (   0 filtered)
Number of warnings :    0 (   0 filtered)
Number of infos    :    0 (   0 filtered)

