--------------------------------------------------------------------------------
Release 14.7 Trace  (lin64)
Copyright (c) 1995-2013 Xilinx, Inc.  All rights reserved.

/opt/Xilinx/14.7/ISE_DS/ISE/bin/lin64/unwrapped/trce -intstyle ise -v 3 -s 3 -n
3 -fastpaths -xml sette_seg.twx sette_seg.ncd -o sette_seg.twr sette_seg.pcf

Design file:              sette_seg.ncd
Physical constraint file: sette_seg.pcf
Device,package,speed:     xc6slx16,csg324,C,-3 (PRODUCTION 1.23 2013-10-13)
Report level:             verbose report

Environment Variable      Effect 
--------------------      ------ 
NONE                      No environment variables were set
--------------------------------------------------------------------------------

INFO:Timing:2698 - No timing constraints found, doing default enumeration.
INFO:Timing:3412 - To improve timing, see the Timing Closure User Guide (UG612).
INFO:Timing:2752 - To get complete path coverage, use the unconstrained paths 
   option. All paths that are not constrained will be reported in the 
   unconstrained paths section(s) of the report.
INFO:Timing:3339 - The clock-to-out numbers in this timing report are based on 
   a 50 Ohm transmission line loading model.  For the details of this model, 
   and for more information on accounting for different loading conditions, 
   please see the device datasheet.



Data Sheet report:
-----------------
All values displayed in nanoseconds (ns)

Clock CLK100M to Pad
------------+-----------------+------------+-----------------+------------+------------------+--------+
            |Max (slowest) clk|  Process   |Min (fastest) clk|  Process   |                  | Clock  |
Destination |  (edge) to PAD  |   Corner   |  (edge) to PAD  |   Corner   |Internal Clock(s) | Phase  |
------------+-----------------+------------+-----------------+------------+------------------+--------+
CLK_1K_O    |         8.866(R)|      SLOW  |         5.000(R)|      FAST  |CLK100M_BUFGP     |   0.000|
------------+-----------------+------------+-----------------+------------+------------------+--------+

Clock enable to Pad
------------+-----------------+------------+-----------------+------------+------------------+--------+
            |Max (slowest) clk|  Process   |Min (fastest) clk|  Process   |                  | Clock  |
Destination |  (edge) to PAD  |   Corner   |  (edge) to PAD  |   Corner   |Internal Clock(s) | Phase  |
------------+-----------------+------------+-----------------+------------+------------------+--------+
SEG<0>      |        11.614(R)|      SLOW  |         6.587(R)|      FAST  |enable_BUFGP      |   0.000|
SEG<1>      |        11.342(R)|      SLOW  |         6.435(R)|      FAST  |enable_BUFGP      |   0.000|
SEG<2>      |        11.439(R)|      SLOW  |         6.594(R)|      FAST  |enable_BUFGP      |   0.000|
SEG<3>      |        11.630(R)|      SLOW  |         6.539(R)|      FAST  |enable_BUFGP      |   0.000|
SEG<4>      |        11.569(R)|      SLOW  |         6.653(R)|      FAST  |enable_BUFGP      |   0.000|
SEG<5>      |        11.882(R)|      SLOW  |         6.558(R)|      FAST  |enable_BUFGP      |   0.000|
SEG<6>      |        11.862(R)|      SLOW  |         6.697(R)|      FAST  |enable_BUFGP      |   0.000|
------------+-----------------+------------+-----------------+------------+------------------+--------+

Clock to Setup on destination clock CLK100M
---------------+---------+---------+---------+---------+
               | Src:Rise| Src:Fall| Src:Rise| Src:Fall|
Source Clock   |Dest:Rise|Dest:Rise|Dest:Fall|Dest:Fall|
---------------+---------+---------+---------+---------+
CLK100M        |    3.321|         |         |         |
---------------+---------+---------+---------+---------+

Clock to Setup on destination clock enable
---------------+---------+---------+---------+---------+
               | Src:Rise| Src:Fall| Src:Rise| Src:Fall|
Source Clock   |Dest:Rise|Dest:Rise|Dest:Fall|Dest:Fall|
---------------+---------+---------+---------+---------+
enable         |    2.072|         |         |         |
---------------+---------+---------+---------+---------+


Analysis completed Thu Apr 28 17:38:56 2016 
--------------------------------------------------------------------------------

Trace Settings:
-------------------------
Trace Settings 

Peak Memory Usage: 388 MB



